/opt/conda/bin/quast -o quast_results -m 1000 -t 4 --labels minia.k51,minia.k61,abyss.k51,abyss.k81,abyss.m.k51,abyss.m.k81,spades-default,spades-ec-default,platanus minia/minia.51.contigs.fa minia/minia.61.contigs.fa abyss/abyss.51/abyss-scaffolds.fa abyss/abyss.81/abyss-scaffolds.fa abyss/abyss.merged.51/abyss-scaffolds.fa abyss/abyss.merged.81/abyss-scaffolds.fa spades-default/scaffolds.fasta spades-ec-default/scaffolds.fasta platanus/platanus_gapClosed.fa

Version: 5.0.2

System information:
  OS: Linux-5.4.0-1080-aws-x86_64-with-debian-10.0 (linux_64)
  Python version: 2.7.16
  CPUs number: 16

Started: 2022-06-21 08:26:56

Logging to /in/quast_results/quast.log
NOTICE: Output directory already exists and looks like a QUAST output dir. Existing results can be reused (e.g. previously generated alignments)!

CWD: /in
Main parameters: 
  MODE: default, threads: 4, minimum contig length: 1000, minimum alignment length: 65, \
  ambiguity: one, threshold for extensive misassembly size: 1000

Contigs:
  Pre-processing...
  1  minia/minia.51.contigs.fa ==> minia.k51
  2  minia/minia.61.contigs.fa ==> minia.k61
  3  abyss/abyss.51/abyss-scaffolds.fa ==> abyss.k51
  4  abyss/abyss.81/abyss-scaffolds.fa ==> abyss.k81
  5  abyss/abyss.merged.51/abyss-scaffolds.fa ==> abyss.m.k51
  6  abyss/abyss.merged.81/abyss-scaffolds.fa ==> abyss.m.k81
  7  spades-default/scaffolds.fasta ==> spades-default
  8  spades-ec-default/scaffolds.fasta ==> spades-ec-default
  9  platanus/platanus_gapClosed.fa ==> platanus

2022-06-21 08:26:57
Running Basic statistics processor...
  Contig files: 
    1  minia.k51
    2  minia.k61
    3  abyss.k51
    4  abyss.k81
    5  abyss.m.k51
    6  abyss.m.k81
    7  spades-default
    8  spades-ec-default
    9  platanus
  Calculating N50 and L50...
    1  minia.k51, N50 = 5046, L50 = 7, Total length = 115871, GC % = 42.20, # N's per 100 kbp =  0.00
    2  minia.k61, N50 = 5377, L50 = 7, Total length = 108612, GC % = 42.41, # N's per 100 kbp =  0.00
    3  abyss.k51, N50 = 4072, L50 = 15, Total length = 218622, GC % = 50.90, # N's per 100 kbp =  332.99
    4  abyss.k81, N50 = 4002, L50 = 15, Total length = 218514, GC % = 47.80, # N's per 100 kbp =  221.95
    5  abyss.m.k51, N50 = 5561, L50 = 12, Total length = 228725, GC % = 50.61, # N's per 100 kbp =  240.03
    6  abyss.m.k81, N50 = 3678, L50 = 15, Total length = 225543, GC % = 49.11, # N's per 100 kbp =  110.84
    7  spades-default, N50 = 4712, L50 = 37, Total length = 744591, GC % = 44.69, # N's per 100 kbp =  169.22
    8  spades-ec-default, N50 = 5355, L50 = 34, Total length = 722046, GC % = 44.71, # N's per 100 kbp =  171.18
    9  platanus, N50 = 12142, L50 = 3, Total length = 81903, GC % = 42.18, # N's per 100 kbp =  0.00
  Drawing Nx plot...
    saved to /in/quast_results/basic_stats/Nx_plot.pdf
  Drawing cumulative plot...
    saved to /in/quast_results/basic_stats/cumulative_plot.pdf
  Drawing GC content plot...
    saved to /in/quast_results/basic_stats/GC_content_plot.pdf
  Drawing minia.k51 GC content plot...
    saved to /in/quast_results/basic_stats/minia.k51_GC_content_plot.pdf
  Drawing minia.k61 GC content plot...
    saved to /in/quast_results/basic_stats/minia.k61_GC_content_plot.pdf
  Drawing abyss.k51 GC content plot...
    saved to /in/quast_results/basic_stats/abyss.k51_GC_content_plot.pdf
  Drawing abyss.k81 GC content plot...
    saved to /in/quast_results/basic_stats/abyss.k81_GC_content_plot.pdf
  Drawing abyss.m.k51 GC content plot...
    saved to /in/quast_results/basic_stats/abyss.m.k51_GC_content_plot.pdf
  Drawing abyss.m.k81 GC content plot...
    saved to /in/quast_results/basic_stats/abyss.m.k81_GC_content_plot.pdf
  Drawing spades-default GC content plot...
    saved to /in/quast_results/basic_stats/spades-default_GC_content_plot.pdf
  Drawing spades-ec-default GC content plot...
    saved to /in/quast_results/basic_stats/spades-ec-default_GC_content_plot.pdf
  Drawing platanus GC content plot...
    saved to /in/quast_results/basic_stats/platanus_GC_content_plot.pdf
  Drawing Coverage histogram (bin size: 1x)...
    saved to /in/quast_results/basic_stats/coverage_histogram.pdf
  Drawing spades-default coverage histogram (bin size: 1x)...
    saved to /in/quast_results/basic_stats/spades-default_coverage_histogram.pdf
  Drawing spades-ec-default coverage histogram (bin size: 2x)...
    saved to /in/quast_results/basic_stats/spades-ec-default_coverage_histogram.pdf
Done.

NOTICE: Genes are not predicted by default. Use --gene-finding or --glimmer option to enable it.

2022-06-21 08:27:00
Creating large visual summaries...
This may take a while: press Ctrl-C to skip this step..
  1 of 2: Creating Icarus viewers...
  2 of 2: Creating PDF with all tables and plots...
Done

2022-06-21 08:27:01
RESULTS:
  Text versions of total report are saved to /in/quast_results/report.txt, report.tsv, and report.tex
  Text versions of transposed total report are saved to /in/quast_results/transposed_report.txt, transposed_report.tsv, and transposed_report.tex
  HTML version (interactive tables and plots) is saved to /in/quast_results/report.html
  PDF version (tables and plots) is saved to /in/quast_results/report.pdf
  Icarus (contig browser) is saved to /in/quast_results/icarus.html
  Log is saved to /in/quast_results/quast.log

Finished: 2022-06-21 08:27:01
Elapsed time: 0:00:05.043445
NOTICEs: 2; WARNINGs: 1; non-fatal ERRORs: 0

Thank you for using QUAST!
